Job commit time:    20240202-22-10-35 
Job output folder:  ./data/20240202-22-10-35 
Job flag status:    isPrint-0  isPlot-0 
Job commit message: 测试写入 script.log 功能 
------------------------------------------------
Job commit time:    20240202-22-13-02 
Job output folder:  ./data/20240202-22-13-02 
Job flag status:    isPrint-0  isPlot-0 
Job commit message: 调整了一下写入 .log 信息的格式 
 
------------------------------------------------
Job commit time:    20240202-22-15-54 
Job output folder:  ./data/20240202-22-15-54 
Job flag status:    isPrint-0  isPlot-0 
Job commit message: 测试log文件的只读功能 
 
------------------------------------------------
Job commit time:    20240202-22-21-54 
Job output folder:  ./data/20240202-22-21-54 
Job flag status:    isPrint-0  isPlot-0 
Job commit message: 冲洗测试 log 文件是否能解除只读功能 
 
------------------------------------------------
Job commit time:    20240202-23-11-22 
Job output folder:  ./data/20240202-23-11-22 
Job flag status:    isPrint-0  isPlot-0 
Job commit message: 使用精细网格进行计算，geo 文件中最大网格尺寸设置为 0.1 
 
------------------------------------------------
Job commit time:    20240202-23-35-48 
Job output folder:  ./data/20240202-23-35-48 
Job flag status:    isPrint-1  isPlot-1 
Job commit message: 使用粗糙网格，测试6个方向上单胞问题变形场图片的输出结果 
 
------------------------------------------------
Job commit time:    20240323-19-22-46 
Job output folder:  ./data/20240323-19-22-46 
Job flag status:    isPrint-1  isPlot-1 
Job commit message: 测试程序是否可以正常运行 
 
